<?xml version="1.0" encoding="UTF-8"?>
<!-- Generated by org.testng.reporters.JUnitReportReporter -->
<testsuite hostname="DESKTOP-95VIPUV" failures="0" tests="1" name="selenium_training.MouseAction" time="19.838" errors="0" timestamp="2024-12-28T21:35:15 IST" skipped="0">
  <testcase classname="selenium_training.MouseAction" name="data" time="19.838"/>
</testsuite> <!-- selenium_training.MouseAction -->
