<?xml version="1.0" encoding="UTF-8"?>
<!-- Generated by org.testng.reporters.JUnitReportReporter -->
<testsuite hostname="DESKTOP-95VIPUV" failures="0" tests="1" name="selenium_training.WebTable" time="13.426" errors="0" timestamp="2024-12-18T22:05:50 IST" skipped="0">
  <testcase classname="selenium_training.WebTable" name="data" time="13.426"/>
</testsuite> <!-- selenium_training.WebTable -->
