<?xml version="1.0" encoding="UTF-8"?>
<!-- Generated by org.testng.reporters.JUnitReportReporter -->
<testsuite hostname="DESKTOP-95VIPUV" failures="0" tests="1" name="selenium_training.Pract" time="0.011" errors="0" timestamp="2025-01-07T18:42:09 IST" skipped="0">
  <testcase classname="selenium_training.Pract" name="property" time="0.011"/>
</testsuite> <!-- selenium_training.Pract -->
