<?xml version="1.0" encoding="UTF-8"?>
<!-- Generated by org.testng.reporters.JUnitReportReporter -->
<testsuite hostname="DESKTOP-95VIPUV" failures="0" tests="1" name="selenium_training.Frame" time="45.866" errors="0" timestamp="2024-12-18T13:52:57 IST" skipped="0">
  <testcase classname="selenium_training.Frame" name="data" time="45.866"/>
</testsuite> <!-- selenium_training.Frame -->
