<?xml version="1.0" encoding="UTF-8"?>
<!-- Generated by org.testng.reporters.JUnitReportReporter -->
<testsuite hostname="DESKTOP-95VIPUV" failures="0" tests="1" name="selenium_training.Practis" time="39.015" errors="0" timestamp="2024-12-28T16:10:08 IST" skipped="0">
  <testcase classname="selenium_training.Practis" name="data" time="39.015"/>
</testsuite> <!-- selenium_training.Practis -->
