<?xml version="1.0" encoding="UTF-8"?>
<!-- Generated by org.testng.reporters.JUnitReportReporter -->
<testsuite hostname="DESKTOP-95VIPUV" failures="0" tests="2" name="selenium_training.ScreenShot" time="7.664" errors="0" timestamp="2024-12-29T22:18:54 IST" skipped="0">
  <testcase classname="selenium_training.ScreenShot" name="deta" time="2.643"/>
  <testcase classname="selenium_training.ScreenShot" name="data" time="5.021"/>
</testsuite> <!-- selenium_training.ScreenShot -->
