<?xml version="1.0" encoding="UTF-8"?>
<!-- Generated by org.testng.reporters.JUnitReportReporter -->
<testsuite hostname="DESKTOP-95VIPUV" failures="0" tests="5" name="selenium_training.Prcat" time="123.263" errors="0" timestamp="2024-12-30T15:16:39 IST" skipped="0">
  <testcase classname="selenium_training.Prcat" name="file" time="45.736"/>
  <testcase classname="selenium_training.Prcat" name="screen" time="9.681"/>
  <testcase classname="selenium_training.Prcat" name="scroll" time="11.984"/>
  <testcase classname="selenium_training.Prcat" name="mouse" time="39.620"/>
  <testcase classname="selenium_training.Prcat" name="data" time="16.242"/>
</testsuite> <!-- selenium_training.Prcat -->
